[debug] [2023-11-08T17:46:41.699Z] ----------------------------------------------------------------------
[debug] [2023-11-08T17:46:41.701Z] Command:       C:\Program Files\nodejs\node.exe C:\Users\devanshu garg\AppData\Roaming\npm\node_modules\firebase-tools\lib\bin\firebase.js init
[debug] [2023-11-08T17:46:41.701Z] CLI Version:   12.7.0
[debug] [2023-11-08T17:46:41.702Z] Platform:      win32
[debug] [2023-11-08T17:46:41.702Z] Node Version:  v18.18.0
[debug] [2023-11-08T17:46:41.703Z] Time:          Wed Nov 08 2023 23:16:41 GMT+0530 (India Standard Time)
[debug] [2023-11-08T17:46:41.703Z] ----------------------------------------------------------------------
[debug] 
[debug] [2023-11-08T17:46:41.711Z] > command requires scopes: ["email","openid","https://www.googleapis.com/auth/cloudplatformprojects.readonly","https://www.googleapis.com/auth/firebase","https://www.googleapis.com/auth/cloud-platform"]
[debug] [2023-11-08T17:46:41.712Z] > authorizing via signed-in user (2002devanshugarg@gmail.com)
[info] 
     ######## #### ########  ######## ########     ###     ######  ########
     ##        ##  ##     ## ##       ##     ##  ##   ##  ##       ##
     ######    ##  ########  ######   ########  #########  ######  ######
     ##        ##  ##    ##  ##       ##     ## ##     ##       ## ##
     ##       #### ##     ## ######## ########  ##     ##  ######  ########

You're about to initialize a Firebase project in this directory:

  E:\Youtube\youtube-clone

[debug] [2023-11-08T17:48:15.623Z] ----------------------------------------------------------------------
[debug] [2023-11-08T17:48:15.625Z] Command:       C:\Program Files\nodejs\node.exe C:\Users\devanshu garg\AppData\Roaming\npm\node_modules\firebase-tools\lib\bin\firebase.js init
[debug] [2023-11-08T17:48:15.626Z] CLI Version:   12.7.0
[debug] [2023-11-08T17:48:15.626Z] Platform:      win32
[debug] [2023-11-08T17:48:15.626Z] Node Version:  v18.18.0
[debug] [2023-11-08T17:48:15.627Z] Time:          Wed Nov 08 2023 23:18:15 GMT+0530 (India Standard Time)
[debug] [2023-11-08T17:48:15.627Z] ----------------------------------------------------------------------
[debug] 
[debug] [2023-11-08T17:48:15.635Z] > command requires scopes: ["email","openid","https://www.googleapis.com/auth/cloudplatformprojects.readonly","https://www.googleapis.com/auth/firebase","https://www.googleapis.com/auth/cloud-platform"]
[debug] [2023-11-08T17:48:15.635Z] > authorizing via signed-in user (2002devanshugarg@gmail.com)
[info] 
     ######## #### ########  ######## ########     ###     ######  ########
     ##        ##  ##     ## ##       ##     ##  ##   ##  ##       ##
     ######    ##  ########  ######   ########  #########  ######  ######
     ##        ##  ##    ##  ##       ##     ## ##     ##       ## ##
     ##       #### ##     ## ######## ########  ##     ##  ######  ########

You're about to initialize a Firebase project in this directory:

  E:\Youtube\youtube-clone

[info] 
=== Project Setup
[info] 
[info] First, let's associate this project directory with a Firebase project.
[info] You can create multiple project aliases by running firebase use --add, 
[info] but for now we'll just set up a default project.
[info] 
[debug] [2023-11-08T17:49:33.650Z] >>> [apiv2][query] GET https://firebase.googleapis.com/v1beta1/projects pageSize=100
[debug] [2023-11-08T17:49:34.856Z] <<< [apiv2][status] GET https://firebase.googleapis.com/v1beta1/projects 200
[debug] [2023-11-08T17:49:34.856Z] <<< [apiv2][body] GET https://firebase.googleapis.com/v1beta1/projects [omitted]
[info] i  Using project clone-cd0e1 (youtube-clone) 
[info] 
=== Hosting Setup
[info] 
[info] Your public directory is the folder (relative to your project directory) that
[info] will contain Hosting assets to be uploaded with firebase deploy. If you
[info] have a build process for your assets, use your build's output directory.
[info] 
[debug] [2023-11-08T17:52:16.541Z] >>> [apiv2][query] GET https://www.gstatic.com/firebasejs/releases.json [none]
[debug] [2023-11-08T17:52:16.843Z] <<< [apiv2][status] GET https://www.gstatic.com/firebasejs/releases.json 200
[debug] [2023-11-08T17:52:16.844Z] <<< [apiv2][body] GET https://www.gstatic.com/firebasejs/releases.json {"current":{"version":"10.5.2","browserURL":"https://www.gstatic.com/firebasejs/10.5.2/firebase.js","packageURL":"https://www.gstatic.com/firebasejs/10.5.2/firebase.tgz"},"live":{"version":"10.5","browserURL":"https://www.gstatic.com/firebasejs/live/10.5/firebase.js","packageURL":"https://www.gstatic.com/firebasejs/live/10.5/firebase.tgz"},"components":{"analytics":"https://www.gstatic.com/firebasejs/10.5.2/firebase-analytics.js","app":"https://www.gstatic.com/firebasejs/10.5.2/firebase-app.js","app-check":"https://www.gstatic.com/firebasejs/10.5.2/firebase-app-check.js","auth":"https://www.gstatic.com/firebasejs/10.5.2/firebase-auth.js","auth/cordova":"https://www.gstatic.com/firebasejs/10.5.2/firebase-auth/cordova.js","functions":"https://www.gstatic.com/firebasejs/10.5.2/firebase-functions.js","firestore":"https://www.gstatic.com/firebasejs/10.5.2/firebase-firestore.js","firestore/lite":"https://www.gstatic.com/firebasejs/10.5.2/firebase-firestore/lite.js","installations":"https://www.gstatic.com/firebasejs/10.5.2/firebase-installations.js","storage":"https://www.gstatic.com/firebasejs/10.5.2/firebase-storage.js","performance":"https://www.gstatic.com/firebasejs/10.5.2/firebase-performance.js","remote-config":"https://www.gstatic.com/firebasejs/10.5.2/firebase-remote-config.js","messaging":"https://www.gstatic.com/firebasejs/10.5.2/firebase-messaging.js","messaging/sw":"https://www.gstatic.com/firebasejs/10.5.2/firebase-messaging/sw.js","database":"https://www.gstatic.com/firebasejs/10.5.2/firebase-database.js","firestore.memory":"https://www.gstatic.com/firebasejs/10.5.2/firebase-firestore.memory.js"}}
[info] +  Wrote bui/index.html 
[info] 
[info] i  Detected a .git folder at E:\Youtube\youtube-clone 
[info] i  Authorizing with GitHub to upload your service account to a GitHub repository's secrets store. 
[info] 
[info] Visit this URL on this device to log in:
[info] https://github.com/login/oauth/authorize?client_id=89cf50f02ac6aaed3484&state=838945024&redirect_uri=http%3A%2F%2Flocalhost%3A9005&scope=read%3Auser%20repo%20public_repo
[info] 
[info] Waiting for authentication...
[debug] [2023-11-08T17:55:55.225Z] >>> [apiv2][query] POST https://github.com/login/oauth/access_token [none]
[debug] [2023-11-08T17:55:55.225Z] >>> [apiv2][body] POST https://github.com/login/oauth/access_token [stream]
[debug] [2023-11-08T17:55:55.796Z] <<< [apiv2][status] POST https://github.com/login/oauth/access_token 200
[debug] [2023-11-08T17:55:55.797Z] <<< [apiv2][body] POST https://github.com/login/oauth/access_token {"access_token":"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","token_type":"bearer","scope":"read:user,repo"}
[debug] [2023-11-08T17:55:55.815Z] >>> [apiv2][query] GET https://api.github.com/user [none]
[debug] [2023-11-08T17:55:56.323Z] <<< [apiv2][status] GET https://api.github.com/user 200
[debug] [2023-11-08T17:55:56.324Z] <<< [apiv2][body] GET https://api.github.com/user {"login":"Devanshu-Garg","id":149174039,"node_id":"U_kgDOCOQ3Fw","avatar_url":"https://avatars.githubusercontent.com/u/149174039?v=4","gravatar_id":"","url":"https://api.github.com/users/Devanshu-Garg","html_url":"https://github.com/Devanshu-Garg","followers_url":"https://api.github.com/users/Devanshu-Garg/followers","following_url":"https://api.github.com/users/Devanshu-Garg/following{/other_user}","gists_url":"https://api.github.com/users/Devanshu-Garg/gists{/gist_id}","starred_url":"https://api.github.com/users/Devanshu-Garg/starred{/owner}{/repo}","subscriptions_url":"https://api.github.com/users/Devanshu-Garg/subscriptions","organizations_url":"https://api.github.com/users/Devanshu-Garg/orgs","repos_url":"https://api.github.com/users/Devanshu-Garg/repos","events_url":"https://api.github.com/users/Devanshu-Garg/events{/privacy}","received_events_url":"https://api.github.com/users/Devanshu-Garg/received_events","type":"User","site_admin":false,"name":null,"company":null,"blog":"","location":null,"email":null,"hireable":null,"bio":null,"twitter_username":null,"public_repos":2,"public_gists":0,"followers":0,"following":0,"created_at":"2023-10-27T13:27:24Z","updated_at":"2023-10-27T13:27:24Z","private_gists":0,"total_private_repos":0,"owned_private_repos":0,"disk_usage":5547,"collaborators":0,"two_factor_authentication":false,"plan":{"name":"free","space":976562499,"collaborators":0,"private_repos":10000}}
[info] 
[info] +  Success! Logged into GitHub as Devanshu-Garg 
[info] 
[debug] [2023-11-08T17:56:23.987Z] >>> [apiv2][query] GET https://api.github.com/repos/youtube-clone/actions/secrets/public-key type=owner
[debug] [2023-11-08T17:56:24.522Z] <<< [apiv2][status] GET https://api.github.com/repos/youtube-clone/actions/secrets/public-key 404
[debug] [2023-11-08T17:56:24.523Z] <<< [apiv2][body] GET https://api.github.com/repos/youtube-clone/actions/secrets/public-key {"message":"Not Found","documentation_url":"https://docs.github.com/rest"}
[info] 
[info] 
[error] !  The provided authorization cannot be used with this repository. If this repository is in an organization, did you remember to grant access? 
[info] 
[info] i  Action required: Visit this URL to ensure access has been granted to the appropriate organization(s) for the Firebase CLI GitHub OAuth App: 
[info] https://github.com/settings/connections/applications/89cf50f02ac6aaed3484
[info] 
[debug] [2023-11-08T17:57:02.642Z] >>> [apiv2][query] GET https://api.github.com/repos/youtube-clone/actions/secrets/public-key type=owner
[debug] [2023-11-08T17:57:03.245Z] <<< [apiv2][status] GET https://api.github.com/repos/youtube-clone/actions/secrets/public-key 404
[debug] [2023-11-08T17:57:03.246Z] <<< [apiv2][body] GET https://api.github.com/repos/youtube-clone/actions/secrets/public-key {"message":"Not Found","documentation_url":"https://docs.github.com/rest"}
[info] 
[info] 
[error] !  The provided authorization cannot be used with this repository. If this repository is in an organization, did you remember to grant access? 
[info] 
[info] i  Action required: Visit this URL to ensure access has been granted to the appropriate organization(s) for the Firebase CLI GitHub OAuth App: 
[info] https://github.com/settings/connections/applications/89cf50f02ac6aaed3484
[info] 
[debug] [2023-11-08T17:57:03.345Z] >>> [apiv2][query] GET https://api.github.com/repos/youtube-clone/actions/secrets/public-key type=owner
[debug] [2023-11-08T17:57:03.802Z] <<< [apiv2][status] GET https://api.github.com/repos/youtube-clone/actions/secrets/public-key 404
[debug] [2023-11-08T17:57:03.803Z] <<< [apiv2][body] GET https://api.github.com/repos/youtube-clone/actions/secrets/public-key {"message":"Not Found","documentation_url":"https://docs.github.com/rest"}
[info] 
[info] 
[error] !  The provided authorization cannot be used with this repository. If this repository is in an organization, did you remember to grant access? 
[info] 
[info] i  Action required: Visit this URL to ensure access has been granted to the appropriate organization(s) for the Firebase CLI GitHub OAuth App: 
[info] https://github.com/settings/connections/applications/89cf50f02ac6aaed3484
[info] 
